c:\users\student\desktop\新しいフォルダー\02_biohazard4\02_biohazard4\debug\vc140.pdb
c:\users\student\desktop\新しいフォルダー\02_biohazard4\02_biohazard4\debug\vc140.idb
c:\users\student\desktop\新しいフォルダー\02_biohazard4\02_biohazard4\debug\fade.obj
c:\users\student\desktop\新しいフォルダー\02_biohazard4\02_biohazard4\debug\game.obj
c:\users\student\desktop\新しいフォルダー\02_biohazard4\02_biohazard4\debug\input.obj
c:\users\student\desktop\新しいフォルダー\02_biohazard4\02_biohazard4\debug\joystick.obj
c:\users\student\desktop\新しいフォルダー\02_biohazard4\02_biohazard4\debug\keyboard.obj
c:\users\student\desktop\新しいフォルダー\02_biohazard4\02_biohazard4\debug\light.obj
c:\users\student\desktop\新しいフォルダー\02_biohazard4\02_biohazard4\debug\main.obj
c:\users\student\desktop\新しいフォルダー\02_biohazard4\02_biohazard4\debug\manager.obj
c:\users\student\desktop\新しいフォルダー\02_biohazard4\02_biohazard4\debug\mode.obj
c:\users\student\desktop\新しいフォルダー\02_biohazard4\02_biohazard4\debug\model.obj
c:\users\student\desktop\新しいフォルダー\02_biohazard4\02_biohazard4\debug\player.obj
c:\users\student\desktop\新しいフォルダー\02_biohazard4\02_biohazard4\debug\result.obj
c:\users\student\desktop\新しいフォルダー\02_biohazard4\02_biohazard4\debug\title.obj
c:\users\student\desktop\新しいフォルダー\02_biohazard4\02_biohazard4\debug\tutorial.obj
c:\users\student\desktop\新しいフォルダー\02_biohazard4\02_biohazard4\debug\ui.obj
c:\users\student\desktop\新しいフォルダー\02_biohazard4\02_biohazard4\debug\polygon.obj
c:\users\student\desktop\新しいフォルダー\02_biohazard4\02_biohazard4\debug\renderer.obj
c:\users\student\desktop\新しいフォルダー\02_biohazard4\02_biohazard4\debug\scene.obj
c:\users\student\desktop\新しいフォルダー\02_biohazard4\02_biohazard4\debug\scene2d.obj
c:\users\student\desktop\新しいフォルダー\02_biohazard4\02_biohazard4\debug\scene3d.obj
c:\users\student\desktop\新しいフォルダー\02_biohazard4\02_biohazard4\debug\bullet.obj
c:\users\student\desktop\新しいフォルダー\02_biohazard4\02_biohazard4\debug\camera.obj
c:\users\student\desktop\新しいフォルダー\02_biohazard4\02_biohazard4\debug\debug.obj
c:\users\student\desktop\新しいフォルダー\02_biohazard4\02_biohazard4\debug\enemy.obj
c:\users\student\desktop\新しいフォルダー\02_biohazard4\02_biohazard4\debug\model_hierarchy.obj
c:\users\student\desktop\新しいフォルダー\02_biohazard4\debug\02_biohazard4.ilk
c:\users\student\desktop\新しいフォルダー\02_biohazard4\debug\02_biohazard4.exe
c:\users\student\desktop\新しいフォルダー\02_biohazard4\debug\02_biohazard4.pdb
c:\users\student\desktop\新しいフォルダー\02_biohazard4\02_biohazard4\debug\02_biohazard4.tlog\cl.command.1.tlog
c:\users\student\desktop\新しいフォルダー\02_biohazard4\02_biohazard4\debug\02_biohazard4.tlog\cl.read.1.tlog
c:\users\student\desktop\新しいフォルダー\02_biohazard4\02_biohazard4\debug\02_biohazard4.tlog\cl.write.1.tlog
c:\users\student\desktop\新しいフォルダー\02_biohazard4\02_biohazard4\debug\02_biohazard4.tlog\link.command.1.tlog
c:\users\student\desktop\新しいフォルダー\02_biohazard4\02_biohazard4\debug\02_biohazard4.tlog\link.read.1.tlog
c:\users\student\desktop\新しいフォルダー\02_biohazard4\02_biohazard4\debug\02_biohazard4.tlog\link.write.1.tlog
